<?xml version="1.0" encoding="UTF-8"?>
<!-- Generated by org.testng.reporters.JUnitReportReporter -->
<testsuite hostname="Lenovo-PC" name="com.actitime.projectsandcustomers.EditCustomerTc_02" tests="1" failures="0" timestamp="10 Apr 2017 06:20:50 GMT" time="9.668" errors="0">
  <testcase name="editCustomerTc_01" time="9.668" classname="com.actitime.projectsandcustomers.EditCustomerTc_02"/>
</testsuite> <!-- com.actitime.projectsandcustomers.EditCustomerTc_02 -->
