<?xml version="1.0" encoding="UTF-8"?>
<!-- Generated by org.testng.reporters.JUnitReportReporter -->
<testsuite hostname="Lenovo-PC" name="com.actitime.projectsandcustomers.CreateCustomerTc_01" tests="1" failures="0" timestamp="10 Apr 2017 05:05:09 GMT" time="11.874" errors="0">
  <testcase name="createCustomerTc_01" time="11.874" classname="com.actitime.projectsandcustomers.CreateCustomerTc_01"/>
</testsuite> <!-- com.actitime.projectsandcustomers.CreateCustomerTc_01 -->
