<?xml version="1.0" encoding="UTF-8"?>
<!-- Generated by org.testng.reporters.JUnitReportReporter -->
<testsuite skipped="1" hostname="Lenovo-PC" name="generics_library.Dataprovider" tests="1" failures="0" timestamp="10 Sep 2018 15:11:35 GMT" time="0.000" errors="0">
  <testcase name="getdata" time="0.000" classname="generics_library.Dataprovider">
    <skipped/>
  </testcase> <!-- getdata -->
</testsuite> <!-- generics_library.Dataprovider -->
